<?xml version="1.0" encoding="UTF-8"?>
<!-- Generated by org.testng.reporters.JUnitReportReporter -->
<testsuite hostname="GBLUSANABYD9tBo" failures="0" tests="1" name="com.pojotest.authTest" time="1.981" errors="0" timestamp="2024-12-19T14:00:35 IST" skipped="0">
  <testcase classname="com.pojotest.authTest" name="test" time="1.981"/>
  <system-out/>
</testsuite> <!-- com.pojotest.authTest -->
