<?xml version="1.0" encoding="UTF-8"?>
<!-- Generated by org.testng.reporters.JUnitReportReporter -->
<testsuite hostname="DESKTOP-T8JE89P" failures="0" tests="1" name="com.api.tests.Update_PUT" time="7.019" errors="0" timestamp="2024-10-18T01:15:05 IST" skipped="0">
  <testcase classname="com.api.tests.Update_PUT" name="update_put_request" time="7.019"/>
  <system-out/>
</testsuite> <!-- com.api.tests.Update_PUT -->
