<?xml version="1.0" encoding="UTF-8"?>
<!-- Generated by org.testng.reporters.JUnitReportReporter -->
<testsuite hostname="DESKTOP-T8JE89P" failures="0" tests="1" name="com.api.tests.Delete_request" time="6.183" errors="0" timestamp="2024-10-19T00:36:02 IST" skipped="0">
  <testcase classname="com.api.tests.Delete_request" name="delete_request" time="6.183"/>
  <system-out/>
</testsuite> <!-- com.api.tests.Delete_request -->
