<?xml version="1.0" encoding="UTF-8"?>
<!-- Generated by org.testng.reporters.JUnitReportReporter -->
<testsuite hostname="GBLUSANABYD9tBo" failures="0" tests="1" name="practiseUdemy.jiraCreateIssue" time="7.279" errors="0" timestamp="2024-12-02T15:46:47 IST" skipped="0">
  <testcase classname="practiseUdemy.jiraCreateIssue" name="createIssueTest" time="7.279"/>
  <system-out/>
</testsuite> <!-- practiseUdemy.jiraCreateIssue -->
