<?xml version="1.0" encoding="UTF-8"?>
<!-- Generated by org.testng.reporters.JUnitReportReporter -->
<testsuite hostname="DESKTOP-T8JE89P" failures="0" tests="1" name="com.api.tests.api_test" time="8.107" errors="0" timestamp="2024-10-18T00:15:34 IST" skipped="0">
  <testcase classname="com.api.tests.api_test" name="Create_API_REquest" time="8.107"/>
  <system-out/>
</testsuite> <!-- com.api.tests.api_test -->
