<?xml version="1.0" encoding="UTF-8"?>
<!-- Generated by org.testng.reporters.JUnitReportReporter -->
<testsuite hostname="GBLUSANABYD9tBo" failures="0" tests="3" name="practiseUdemy.Test1" time="3.335" errors="0" timestamp="2024-11-21T17:10:51 IST" skipped="0">
  <testcase classname="practiseUdemy.Test1" name="verifyAddBook" time="2.672"/>
  <system-out/>
  <testcase classname="practiseUdemy.Test1" name="verifyAddBook" time="0.308"/>
  <system-out/>
  <testcase classname="practiseUdemy.Test1" name="verifyAddBook" time="0.355"/>
  <system-out/>
</testsuite> <!-- practiseUdemy.Test1 -->
