<?xml version="1.0" encoding="UTF-8"?>
<!-- Generated by org.testng.reporters.JUnitReportReporter -->
<testsuite hostname="GBLUSANABYD9tBo" failures="0" tests="4" name="practiseUdemy.apiJiraEndtoEnd" time="5.313" errors="0" timestamp="2024-12-02T23:44:32 IST" skipped="0">
  <testcase classname="practiseUdemy.apiJiraEndtoEnd" name="CreateAnIssue" time="2.305"/>
  <system-out/>
  <testcase classname="practiseUdemy.apiJiraEndtoEnd" name="getIssueDetails" time="1.119"/>
  <system-out/>
  <testcase classname="practiseUdemy.apiJiraEndtoEnd" name="updatedataInIssue" time="0.666"/>
  <system-out/>
  <testcase classname="practiseUdemy.apiJiraEndtoEnd" name="deleteAnIssue" time="1.223"/>
  <system-out/>
</testsuite> <!-- practiseUdemy.apiJiraEndtoEnd -->
