<?xml version="1.0" encoding="UTF-8"?>
<!-- Generated by org.testng.reporters.JUnitReportReporter -->
<testsuite hostname="DESKTOP-T8JE89P" failures="0" tests="1" name="practiseUdemy.sumValidation" time="0.746" errors="0" timestamp="2024-11-19T20:40:28 IST" skipped="0">
  <testcase classname="practiseUdemy.sumValidation" name="assertpurchaseAmount" time="0.746"/>
  <system-out/>
</testsuite> <!-- practiseUdemy.sumValidation -->
