<?xml version="1.0" encoding="UTF-8"?>
<!-- Generated by org.testng.reporters.JUnitReportReporter -->
<testsuite hostname="GBLUSANABYD9tBo" failures="0" tests="4" name="practiseUdemy.practice" time="6.748" errors="0" timestamp="2024-11-30T16:40:04 IST" skipped="0">
  <testcase classname="practiseUdemy.practice" name="AddPlace" time="1.438"/>
  <system-out/>
  <testcase classname="practiseUdemy.practice" name="getAddPlace" time="1.627"/>
  <system-out/>
  <testcase classname="practiseUdemy.practice" name="updateplace" time="0.166"/>
  <system-out/>
  <testcase classname="practiseUdemy.practice" name="deletePlace" time="3.517"/>
  <system-out/>
</testsuite> <!-- practiseUdemy.practice -->
