<?xml version="1.0" encoding="UTF-8"?>
<!-- Generated by org.testng.reporters.JUnitReportReporter -->
<testsuite hostname="GBLUSANABYD9tBo" failures="0" tests="1" name="com.api.tests.postRequestapi" time="3.178" errors="0" timestamp="2024-12-20T15:50:37 IST" skipped="0">
  <testcase classname="com.api.tests.postRequestapi" name="sendapirequest" time="3.178"/>
  <system-out/>
</testsuite> <!-- com.api.tests.postRequestapi -->
